This file contains any messages produced by compilers while
running configure, to aid debugging if configure makes a mistake.

It was created by configure, which was
generated by GNU Autoconf 2.69.  Invocation command line was

  $ ./configure --with-optimize

## --------- ##
## Platform. ##
## --------- ##

hostname = clover-lang.org
uname -m = x86_64
uname -r = 4.19.0-8-amd64
uname -s = Linux
uname -v = #1 SMP Debian 4.19.98-1+deb10u1 (2020-04-27)

/usr/bin/uname -p = unknown
/bin/uname -X     = unknown

/bin/arch              = unknown
/usr/bin/arch -k       = unknown
/usr/convex/getsysinfo = unknown
/usr/bin/hostinfo      = unknown
/bin/machine           = unknown
/usr/bin/oslevel       = unknown
/bin/universe          = unknown

PATH: /home/ab25cq/bin
PATH: /home/ab25cq/.gem/bin
PATH: /home/ab25cq/.rvm/bin/
PATH: /home/ab25cq/bin
PATH: /usr/local/bin
PATH: /usr/bin
PATH: /bin
PATH: /usr/local/games
PATH: /usr/games


## ----------- ##
## Core tests. ##
## ----------- ##

configure:2185: checking for gcc
configure:2201: found /usr/bin/gcc
configure:2212: result: gcc
configure:2441: checking for C compiler version
configure:2450: gcc --version >&5
gcc (Debian 8.3.0-6) 8.3.0
Copyright (C) 2018 Free Software Foundation, Inc.
This is free software; see the source for copying conditions.  There is NO
warranty; not even for MERCHANTABILITY or FITNESS FOR A PARTICULAR PURPOSE.

configure:2461: $? = 0
configure:2450: gcc -v >&5
Using built-in specs.
COLLECT_GCC=gcc
COLLECT_LTO_WRAPPER=/usr/lib/gcc/x86_64-linux-gnu/8/lto-wrapper
OFFLOAD_TARGET_NAMES=nvptx-none
OFFLOAD_TARGET_DEFAULT=1
Target: x86_64-linux-gnu
Configured with: ../src/configure -v --with-pkgversion='Debian 8.3.0-6' --with-bugurl=file:///usr/share/doc/gcc-8/README.Bugs --enable-languages=c,ada,c++,go,brig,d,fortran,objc,obj-c++ --prefix=/usr --with-gcc-major-version-only --program-suffix=-8 --program-prefix=x86_64-linux-gnu- --enable-shared --enable-linker-build-id --libexecdir=/usr/lib --without-included-gettext --enable-threads=posix --libdir=/usr/lib --enable-nls --enable-bootstrap --enable-clocale=gnu --enable-libstdcxx-debug --enable-libstdcxx-time=yes --with-default-libstdcxx-abi=new --enable-gnu-unique-object --disable-vtable-verify --enable-libmpx --enable-plugin --enable-default-pie --with-system-zlib --with-target-system-zlib --enable-objc-gc=auto --enable-multiarch --disable-werror --with-arch-32=i686 --with-abi=m64 --with-multilib-list=m32,m64,mx32 --enable-multilib --with-tune=generic --enable-offload-targets=nvptx-none --without-cuda-driver --enable-checking=release --build=x86_64-linux-gnu --host=x86_64-linux-gnu --target=x86_64-linux-gnu
Thread model: posix
gcc version 8.3.0 (Debian 8.3.0-6) 
configure:2461: $? = 0
configure:2450: gcc -V >&5
gcc: error: unrecognized command line option '-V'
gcc: fatal error: no input files
compilation terminated.
configure:2461: $? = 1
configure:2450: gcc -qversion >&5
gcc: error: unrecognized command line option '-qversion'; did you mean '--version'?
gcc: fatal error: no input files
compilation terminated.
configure:2461: $? = 1
configure:2481: checking whether the C compiler works
configure:2503: gcc    conftest.c  >&5
configure:2507: $? = 0
configure:2555: result: yes
configure:2558: checking for C compiler default output file name
configure:2560: result: a.out
configure:2566: checking for suffix of executables
configure:2573: gcc -o conftest    conftest.c  >&5
configure:2577: $? = 0
configure:2599: result: 
configure:2621: checking whether we are cross compiling
configure:2629: gcc -o conftest    conftest.c  >&5
configure:2633: $? = 0
configure:2640: ./conftest
configure:2644: $? = 0
configure:2632: result: no
configure:2637: checking for suffix of object files
configure:2659: gcc -c   conftest.c >&5
configure:2663: $? = 0
configure:2684: result: o
configure:2688: checking whether we are using the GNU C compiler
configure:2707: gcc -c   conftest.c >&5
configure:2707: $? = 0
configure:2716: result: yes
configure:2725: checking whether gcc accepts -g
configure:2745: gcc -c -g  conftest.c >&5
configure:2745: $? = 0
configure:2786: result: yes
configure:2803: checking for gcc option to accept ISO C89
configure:2866: gcc  -c -g -O2  conftest.c >&5
configure:2866: $? = 0
configure:2879: result: none needed
configure:2913: checking for a BSD-compatible install
configure:2981: result: /usr/bin/install -c
configure:2998: checking how to run the C preprocessor
configure:3029: gcc -E  conftest.c
configure:3029: $? = 0
configure:3043: gcc -E  conftest.c
conftest.c:9:10: fatal error: ac_nonexistent.h: No such file or directory
 #include <ac_nonexistent.h>
          ^~~~~~~~~~~~~~~~~~
compilation terminated.
configure:3043: $? = 1
configure: failed program was:
| /* confdefs.h */
| #define PACKAGE_NAME ""
| #define PACKAGE_TARNAME ""
| #define PACKAGE_VERSION ""
| #define PACKAGE_STRING ""
| #define PACKAGE_BUGREPORT ""
| #define PACKAGE_URL ""
| /* end confdefs.h.  */
| #include <ac_nonexistent.h>
configure:3068: result: gcc -E
configure:3088: gcc -E  conftest.c
configure:3088: $? = 0
configure:3102: gcc -E  conftest.c
conftest.c:9:10: fatal error: ac_nonexistent.h: No such file or directory
 #include <ac_nonexistent.h>
          ^~~~~~~~~~~~~~~~~~
compilation terminated.
configure:3102: $? = 1
configure: failed program was:
| /* confdefs.h */
| #define PACKAGE_NAME ""
| #define PACKAGE_TARNAME ""
| #define PACKAGE_VERSION ""
| #define PACKAGE_STRING ""
| #define PACKAGE_BUGREPORT ""
| #define PACKAGE_URL ""
| /* end confdefs.h.  */
| #include <ac_nonexistent.h>
configure:3131: checking for grep that handles long lines and -e
configure:3189: result: /bin/grep
configure:3194: checking for egrep
configure:3256: result: /bin/grep -E
configure:3261: checking for ANSI C header files
configure:3281: gcc -c -g -O2  conftest.c >&5
configure:3281: $? = 0
configure:3354: gcc -o conftest -g -O2   conftest.c  >&5
configure:3354: $? = 0
configure:3354: ./conftest
configure:3354: $? = 0
configure:3365: result: yes
configure:3378: checking for sys/types.h
configure:3378: gcc -c -g -O2  conftest.c >&5
configure:3378: $? = 0
configure:3378: result: yes
configure:3378: checking for sys/stat.h
configure:3378: gcc -c -g -O2  conftest.c >&5
configure:3378: $? = 0
configure:3378: result: yes
configure:3378: checking for stdlib.h
configure:3378: gcc -c -g -O2  conftest.c >&5
configure:3378: $? = 0
configure:3378: result: yes
configure:3378: checking for string.h
configure:3378: gcc -c -g -O2  conftest.c >&5
configure:3378: $? = 0
configure:3378: result: yes
configure:3378: checking for memory.h
configure:3378: gcc -c -g -O2  conftest.c >&5
configure:3378: $? = 0
configure:3378: result: yes
configure:3378: checking for strings.h
configure:3378: gcc -c -g -O2  conftest.c >&5
configure:3378: $? = 0
configure:3378: result: yes
configure:3378: checking for inttypes.h
configure:3378: gcc -c -g -O2  conftest.c >&5
configure:3378: $? = 0
configure:3378: result: yes
configure:3378: checking for stdint.h
configure:3378: gcc -c -g -O2  conftest.c >&5
configure:3378: $? = 0
configure:3378: result: yes
configure:3378: checking for unistd.h
configure:3378: gcc -c -g -O2  conftest.c >&5
configure:3378: $? = 0
configure:3378: result: yes
configure:3390: checking whether byte ordering is bigendian
configure:3405: gcc -c -g -O2  conftest.c >&5
conftest.c:20:9: error: unknown type name 'not'
         not a universal capable compiler
         ^~~
conftest.c:20:15: error: expected '=', ',', ';', 'asm' or '__attribute__' before 'universal'
         not a universal capable compiler
               ^~~~~~~~~
conftest.c:20:15: error: unknown type name 'universal'
configure:3405: $? = 1
configure: failed program was:
| /* confdefs.h */
| #define PACKAGE_NAME ""
| #define PACKAGE_TARNAME ""
| #define PACKAGE_VERSION ""
| #define PACKAGE_STRING ""
| #define PACKAGE_BUGREPORT ""
| #define PACKAGE_URL ""
| #define STDC_HEADERS 1
| #define HAVE_SYS_TYPES_H 1
| #define HAVE_SYS_STAT_H 1
| #define HAVE_STDLIB_H 1
| #define HAVE_STRING_H 1
| #define HAVE_MEMORY_H 1
| #define HAVE_STRINGS_H 1
| #define HAVE_INTTYPES_H 1
| #define HAVE_STDINT_H 1
| #define HAVE_UNISTD_H 1
| /* end confdefs.h.  */
| #ifndef __APPLE_CC__
| 	       not a universal capable compiler
| 	     #endif
| 	     typedef int dummy;
| 
configure:3450: gcc -c -g -O2  conftest.c >&5
configure:3450: $? = 0
configure:3468: gcc -c -g -O2  conftest.c >&5
conftest.c: In function 'main':
conftest.c:26:4: error: unknown type name 'not'; did you mean 'ino_t'?
    not big endian
    ^~~
    ino_t
conftest.c:26:12: error: expected '=', ',', ';', 'asm' or '__attribute__' before 'endian'
    not big endian
            ^~~~~~
configure:3468: $? = 1
configure: failed program was:
| /* confdefs.h */
| #define PACKAGE_NAME ""
| #define PACKAGE_TARNAME ""
| #define PACKAGE_VERSION ""
| #define PACKAGE_STRING ""
| #define PACKAGE_BUGREPORT ""
| #define PACKAGE_URL ""
| #define STDC_HEADERS 1
| #define HAVE_SYS_TYPES_H 1
| #define HAVE_SYS_STAT_H 1
| #define HAVE_STDLIB_H 1
| #define HAVE_STRING_H 1
| #define HAVE_MEMORY_H 1
| #define HAVE_STRINGS_H 1
| #define HAVE_INTTYPES_H 1
| #define HAVE_STDINT_H 1
| #define HAVE_UNISTD_H 1
| /* end confdefs.h.  */
| #include <sys/types.h>
| 		#include <sys/param.h>
| 
| int
| main ()
| {
| #if BYTE_ORDER != BIG_ENDIAN
| 		 not big endian
| 		#endif
| 
|   ;
|   return 0;
| }
configure:3596: result: no
configure:3646: checking CPU type
configure:3717: checking Operating System
configure:3810: checking for main in -lutil
configure:3829: gcc -o conftest -Isrc/ -I. -DPREFIX="\"${DESTDIR}/\"" -fPIC   conftest.c -lutil   >&5
configure:3829: $? = 0
configure:3838: result: yes
configure:3903: checking for main in -ldl
configure:3922: gcc -o conftest -Isrc/ -I. -DPREFIX="\"${DESTDIR}/\"" -fPIC -I/usr/local/include -O3   conftest.c -ldl   -lutil >&5
configure:3922: $? = 0
configure:3931: result: yes
configure:3940: checking math.h usability
configure:3940: gcc -c -Isrc/ -I. -DPREFIX="\"${DESTDIR}/\"" -fPIC -I/usr/local/include -O3  conftest.c >&5
configure:3940: $? = 0
configure:3940: result: yes
configure:3940: checking math.h presence
configure:3940: gcc -E  conftest.c
configure:3940: $? = 0
configure:3940: result: yes
configure:3940: checking for math.h
configure:3940: result: yes
configure:3947: checking for main in -lm
configure:3966: gcc -o conftest -Isrc/ -I. -DPREFIX="\"${DESTDIR}/\"" -fPIC -I/usr/local/include -O3   conftest.c -lm   -lutil -ldl >&5
configure:3966: $? = 0
configure:3975: result: yes
configure:3982: checking iconv.h usability
configure:3982: gcc -c -Isrc/ -I. -DPREFIX="\"${DESTDIR}/\"" -fPIC -I/usr/local/include -O3  conftest.c >&5
configure:3982: $? = 0
configure:3982: result: yes
configure:3982: checking iconv.h presence
configure:3982: gcc -E  conftest.c

## ---------------- ##
## Cache variables. ##
## ---------------- ##

ac_cv_c_bigendian=no
ac_cv_c_compiler_gnu=yes
ac_cv_env_CC_set=
ac_cv_env_CC_value=
ac_cv_env_CFLAGS_set=
ac_cv_env_CFLAGS_value=
ac_cv_env_CPPFLAGS_set=
ac_cv_env_CPPFLAGS_value=
ac_cv_env_CPP_set=
ac_cv_env_CPP_value=
ac_cv_env_LDFLAGS_set=
ac_cv_env_LDFLAGS_value=
ac_cv_env_LIBS_set=
ac_cv_env_LIBS_value=
ac_cv_env_build_alias_set=
ac_cv_env_build_alias_value=
ac_cv_env_host_alias_set=
ac_cv_env_host_alias_value=
ac_cv_env_target_alias_set=
ac_cv_env_target_alias_value=
ac_cv_header_inttypes_h=yes
ac_cv_header_math_h=yes
ac_cv_header_memory_h=yes
ac_cv_header_stdc=yes
ac_cv_header_stdint_h=yes
ac_cv_header_stdlib_h=yes
ac_cv_header_string_h=yes
ac_cv_header_strings_h=yes
ac_cv_header_sys_stat_h=yes
ac_cv_header_sys_types_h=yes
ac_cv_header_unistd_h=yes
ac_cv_lib_dl=ac_cv_lib_dl_main
ac_cv_lib_dl_main=yes
ac_cv_lib_m=ac_cv_lib_m_main
ac_cv_lib_m_main=yes
ac_cv_lib_util=ac_cv_lib_util_main
ac_cv_lib_util_main=yes
ac_cv_objext=o
ac_cv_path_EGREP='/bin/grep -E'
ac_cv_path_GREP=/bin/grep
ac_cv_path_install='/usr/bin/install -c'
ac_cv_prog_CPP='gcc -E'
ac_cv_prog_ac_ct_CC=gcc
ac_cv_prog_cc_c89=
ac_cv_prog_cc_g=yes

## ----------------- ##
## Output variables. ##
## ----------------- ##

CC='gcc'
CFLAGS='-Isrc/ -I. -DPREFIX="\"${DESTDIR}/\"" -fPIC -I/usr/local/include -O3'
COMMON_OBJS=''
CPP='gcc -E'
CPPFLAGS=''
CXX=''
CXXFLAGS=''
DEFS=''
DESTDIR=''
ECHO_C=''
ECHO_N='-n'
ECHO_T=''
EGREP='/bin/grep -E'
EXEEXT=''
GREP='/bin/grep'
INSTALL_DATA='${INSTALL} -m 644'
INSTALL_PROGRAM='${INSTALL}'
INSTALL_SCRIPT='${INSTALL}'
LDFLAGS=''
LIBOBJS=''
LIBS=' -lutil -ldl -lm'
LTLIBOBJS=''
OBJEXT='o'
OBJS=''
OS='LINUX'
PACKAGE_BUGREPORT=''
PACKAGE_NAME=''
PACKAGE_STRING=''
PACKAGE_TARNAME=''
PACKAGE_URL=''
PACKAGE_VERSION=''
PATH_SEPARATOR=':'
RUNTIME_OBJS=''
SHELL='/bin/bash'
ac_ct_CC='gcc'
bindir='${exec_prefix}/bin'
build_alias=''
datadir='${datarootdir}'
datarootdir='${prefix}/share'
docdir='${datarootdir}/doc/${PACKAGE}'
dvidir='${docdir}'
exec_prefix='NONE'
host_alias=''
htmldir='${docdir}'
includedir='${prefix}/include'
infodir='${datarootdir}/info'
libdir='${exec_prefix}/lib'
libexecdir='${exec_prefix}/libexec'
localedir='${datarootdir}/locale'
localstatedir='${prefix}/var'
mandir='${datarootdir}/man'
oldincludedir='/usr/include'
pdfdir='${docdir}'
prefix='NONE'
program_transform_name='s,x,x,'
psdir='${docdir}'
runstatedir='${localstatedir}/run'
sbindir='${exec_prefix}/sbin'
sharedstatedir='${prefix}/com'
sysconfdir='${prefix}/etc'
target_alias=''

## ----------- ##
## confdefs.h. ##
## ----------- ##

/* confdefs.h */
#define PACKAGE_NAME ""
#define PACKAGE_TARNAME ""
#define PACKAGE_VERSION ""
#define PACKAGE_STRING ""
#define PACKAGE_BUGREPORT ""
#define PACKAGE_URL ""
#define STDC_HEADERS 1
#define HAVE_SYS_TYPES_H 1
#define HAVE_SYS_STAT_H 1
#define HAVE_STDLIB_H 1
#define HAVE_STRING_H 1
#define HAVE_MEMORY_H 1
#define HAVE_STRINGS_H 1
#define HAVE_INTTYPES_H 1
#define HAVE_STDINT_H 1
#define HAVE_UNISTD_H 1
#define __X86_64_CPU__ 1
#define __64BIT_CPU__ 1
#define __LINUX__ 1
#define HAVE_MATH_H 1

configure: caught signal 2
configure: exit 1
